<?xml version="1.0" encoding="UTF-8"?>
<!-- Generated by org.testng.reporters.JUnitReportReporter -->
<testsuite hostname="AriezLaptop" failures="0" tests="2" name="com.orangehrm.tests.LoginTest" time="28.484" errors="0" timestamp="2025-03-03T14:18:44 GMT+08:00" skipped="0">
  <testcase classname="com.orangehrm.tests.LoginTest" name="testAddEmployee" time="12.851"/>
  <testcase classname="com.orangehrm.tests.LoginTest" name="testSearchAdminRole" time="15.633"/>
</testsuite> <!-- com.orangehrm.tests.LoginTest -->
