<?xml version="1.0" encoding="UTF-8"?>
<!-- Generated by org.testng.reporters.JUnitReportReporter -->
<testsuite hostname="AriezLaptop" failures="0" tests="1" name="com.orangehrm.tests.LoginTest" time="11.135" errors="0" timestamp="2025-03-01T23:17:51 GMT+08:00" skipped="0">
  <testcase classname="com.orangehrm.tests.LoginTest" name="testAddEmployee" time="11.135"/>
</testsuite> <!-- com.orangehrm.tests.LoginTest -->
